npm WARN config global `--global`, `--local` are deprecated. Use `--location=global` instead.
npm verb cli C:\Program Files\nodejs\node.exe C:\Program Files\nodejs\node_modules\npm\bin\npm-cli.js
npm info using npm@8.11.0
npm info using node@v16.15.1
npm timing npm:load:whichnode Completed in 2ms
npm timing config:load:defaults Completed in 6ms
npm timing config:load:file:C:\Program Files\nodejs\node_modules\npm\npmrc Completed in 7ms
npm timing config:load:builtin Completed in 8ms
npm timing config:load:cli Completed in 5ms
npm timing config:load:env Completed in 3ms
npm timing config:load:file:C:\Users\camila.santos\Desktop\cy\tmpBstackPackages\.npmrc Completed in 1ms
npm timing config:load:project Completed in 16ms
npm timing config:load:file:C:\Users\camila.santos\.npmrc Completed in 1ms
npm timing config:load:user Completed in 1ms
npm timing config:load:file:C:\Users\camila.santos\AppData\Roaming\npm\etc\npmrc Completed in 0ms
npm timing config:load:global Completed in 0ms
npm timing config:load:validate Completed in 1ms
npm timing config:load:credentials Completed in 2ms
npm timing config:load:setEnvs Completed in 2ms
npm timing config:load Completed in 48ms
npm timing npm:load:configload Completed in 48ms
npm timing npm:load:mkdirpcache Completed in 3ms
npm timing npm:load:mkdirplogs Completed in 1ms
npm verb title npm install
npm verb argv "install" "--loglevel" "verbose"
npm timing npm:load:setTitle Completed in 3ms
npm timing config:load:flatten Completed in 9ms
npm timing npm:load:display Completed in 19ms
npm verb logfile logs-max:10 dir:C:\Users\camila.santos\AppData\Local\npm-cache\_logs
npm verb logfile C:\Users\camila.santos\AppData\Local\npm-cache\_logs\2022-06-24T02_50_18_030Z-debug-0.log
npm timing npm:load:logFile Completed in 18ms
npm timing npm:load:timers Completed in 0ms
npm timing npm:load:configScope Completed in 0ms
npm timing npm:load Completed in 97ms
npm timing arborist:ctor Completed in 2ms
npm timing arborist:ctor Completed in 0ms
npm timing idealTree:init Completed in 38ms
npm timing idealTree:userRequests Completed in 1ms
npm http fetch GET 200 https://registry.npmjs.org/faker 1275ms (cache revalidated)
npm http fetch GET 200 https://registry.npmjs.org/browserstack-cypress-cli 972ms (cache revalidated)
npm http fetch GET 200 https://registry.npmjs.org/cypress 1016ms (cache revalidated)
npm http fetch GET 200 https://registry.npmjs.org/async 1124ms (cache revalidated)
npm http fetch GET 200 https://registry.npmjs.org/mkdirp 1118ms (cache revalidated)
npm http fetch GET 200 https://registry.npmjs.org/table 1132ms (cache revalidated)
npm http fetch GET 200 https://registry.npmjs.org/chalk 1158ms (cache revalidated)
npm http fetch GET 200 https://registry.npmjs.org/uuid 1141ms (cache revalidated)
npm http fetch GET 200 https://registry.npmjs.org/fs-extra 1164ms (cache revalidated)
npm http fetch GET 200 https://registry.npmjs.org/request 1162ms (cache revalidated)
npm http fetch GET 200 https://registry.npmjs.org/glob 1174ms (cache revalidated)
npm http fetch GET 200 https://registry.npmjs.org/cli-progress 1192ms (cache revalidated)
npm http fetch GET 200 https://registry.npmjs.org/@types%2fnode 1178ms (cache revalidated)
npm http fetch GET 200 https://registry.npmjs.org/yargs 1344ms (cache revalidated)
npm http fetch GET 200 https://registry.npmjs.org/chalk 1326ms (cache revalidated)
npm http fetch GET 200 https://registry.npmjs.org/@types%2fsinonjs__fake-timers 1354ms (cache revalidated)
npm http fetch GET 200 https://registry.npmjs.org/buffer 1358ms (cache revalidated)
npm http fetch GET 200 https://registry.npmjs.org/arch 1415ms (cache revalidated)
npm http fetch GET 200 https://registry.npmjs.org/update-notifier 1470ms (cache revalidated)
npm http fetch GET 200 https://registry.npmjs.org/unzipper 1481ms (cache revalidated)
npm http fetch GET 200 https://registry.npmjs.org/winston 1506ms (cache revalidated)
npm http fetch GET 200 https://registry.npmjs.org/cli-cursor 1474ms (cache revalidated)
npm http fetch GET 200 https://registry.npmjs.org/bluebird 1501ms (cache revalidated)
npm http fetch GET 200 https://registry.npmjs.org/check-more-types 1506ms (cache revalidated)
npm http fetch GET 200 https://registry.npmjs.org/cachedir 1521ms (cache revalidated)
npm http fetch GET 200 https://registry.npmjs.org/blob-util 1542ms (cache revalidated)
npm http fetch GET 200 https://registry.npmjs.org/fs-extra 1510ms (cache revalidated)
npm http fetch GET 200 https://registry.npmjs.org/commander 1540ms (cache revalidated)
npm http fetch GET 200 https://registry.npmjs.org/execa 1537ms (cache revalidated)
npm http fetch GET 200 https://registry.npmjs.org/debug 1548ms (cache revalidated)
npm http fetch GET 200 https://registry.npmjs.org/eventemitter2 1548ms (cache revalidated)
npm http fetch GET 200 https://registry.npmjs.org/enquirer 1574ms (cache revalidated)
npm http fetch GET 200 https://registry.npmjs.org/is-ci 1567ms (cache revalidated)
npm http fetch GET 200 https://registry.npmjs.org/lodash 1566ms (cache revalidated)
npm http fetch GET 200 https://registry.npmjs.org/listr2 1583ms (cache revalidated)
npm http fetch GET 200 https://registry.npmjs.org/dayjs 1648ms (cache revalidated)
npm http fetch GET 200 https://registry.npmjs.org/lazy-ass 1623ms (cache revalidated)
npm http fetch GET 200 https://registry.npmjs.org/archiver 1735ms (cache revalidated)
npm http fetch GET 200 https://registry.npmjs.org/minimist 1629ms (cache revalidated)
npm http fetch GET 200 https://registry.npmjs.org/is-installed-globally 1653ms (cache revalidated)
npm http fetch GET 200 https://registry.npmjs.org/pretty-bytes 1643ms (cache revalidated)
npm http fetch GET 200 https://registry.npmjs.org/semver 1648ms (cache revalidated)
npm http fetch GET 200 https://registry.npmjs.org/log-symbols 1670ms (cache revalidated)
npm http fetch GET 200 https://registry.npmjs.org/figures 1699ms (cache updated)
npm http fetch GET 200 https://registry.npmjs.org/tmp 1665ms (cache revalidated)
npm http fetch GET 200 https://registry.npmjs.org/getmac 1842ms (cache revalidated)
npm http fetch GET 200 https://registry.npmjs.org/supports-color 1725ms (cache revalidated)
npm http fetch GET 200 https://registry.npmjs.org/browserstack-local 1873ms (cache revalidated)
npm http fetch GET 200 https://registry.npmjs.org/requestretry 1867ms (cache revalidated)
npm http fetch GET 200 https://registry.npmjs.org/untildify 1774ms (cache revalidated)
npm http fetch GET 200 https://registry.npmjs.org/yauzl 1774ms (cache revalidated)
npm http fetch GET 200 https://registry.npmjs.org/cli-table3 1956ms (cache revalidated)
npm http fetch GET 200 https://registry.npmjs.org/common-tags 2009ms (cache revalidated)
npm http fetch GET 200 https://registry.npmjs.org/getos 2134ms (cache revalidated)
npm http fetch GET 200 https://registry.npmjs.org/executable 2279ms (cache revalidated)
npm http fetch GET 200 https://registry.npmjs.org/@cypress%2frequest 2361ms (cache revalidated)
npm http fetch GET 200 https://registry.npmjs.org/extract-zip 2360ms (cache revalidated)
npm http fetch GET 200 https://registry.npmjs.org/proxy-from-env 2418ms (cache revalidated)
npm http fetch GET 200 https://registry.npmjs.org/request-progress 2459ms (cache revalidated)
npm http fetch GET 200 https://registry.npmjs.org/ospath 2474ms (cache updated)
npm http fetch GET 200 https://registry.npmjs.org/@types%2fsizzle 2693ms (cache revalidated)
npm http fetch GET 200 https://registry.npmjs.org/@cypress%2fxvfb 2905ms (cache revalidated)
npm timing idealTree:#root Completed in 6293ms
npm http fetch GET 200 https://registry.npmjs.org/readdir-glob 1034ms (cache revalidated)
npm http fetch GET 200 https://registry.npmjs.org/tar-stream 1032ms (cache revalidated)
npm http fetch GET 200 https://registry.npmjs.org/jsonfile 1007ms (cache revalidated)
npm http fetch GET 200 https://registry.npmjs.org/agent-base 1023ms (cache revalidated)
npm http fetch GET 200 https://registry.npmjs.org/readable-stream 1048ms (cache revalidated)
npm http fetch GET 200 https://registry.npmjs.org/https-proxy-agent 1041ms (cache revalidated)
npm http fetch GET 200 https://registry.npmjs.org/string-width 1026ms (cache revalidated)
npm http fetch GET 200 https://registry.npmjs.org/universalify 1023ms (cache revalidated)
npm http fetch GET 200 https://registry.npmjs.org/ansi-styles 1037ms (cache revalidated)
npm http fetch GET 200 https://registry.npmjs.org/ps-tree 1054ms (cache revalidated)
npm http fetch GET 200 https://registry.npmjs.org/inherits 1057ms (cache revalidated)
npm http fetch GET 200 https://registry.npmjs.org/minimatch 1074ms (cache revalidated)
npm http fetch GET 200 https://registry.npmjs.org/fs.realpath 1106ms (cache revalidated)
npm http fetch GET 200 https://registry.npmjs.org/graceful-fs 1120ms (cache revalidated)
npm http fetch GET 200 https://registry.npmjs.org/inflight 1120ms (cache revalidated)
npm http fetch GET 200 https://registry.npmjs.org/path-is-absolute 1115ms (cache revalidated)
npm http fetch GET 200 https://registry.npmjs.org/aws-sign2 1123ms (cache revalidated)
npm http fetch GET 200 https://registry.npmjs.org/buffer-crc32 1185ms (cache revalidated)
npm http fetch GET 200 https://registry.npmjs.org/extend 1131ms (cache revalidated)
npm http fetch GET 200 https://registry.npmjs.org/once 1149ms (cache revalidated)
npm http fetch GET 200 https://registry.npmjs.org/caseless 1147ms (cache revalidated)
npm http fetch GET 200 https://registry.npmjs.org/aws4 1159ms (cache revalidated)
npm http fetch GET 200 https://registry.npmjs.org/form-data 1151ms (cache revalidated)
npm http fetch GET 200 https://registry.npmjs.org/is-typedarray 1157ms (cache revalidated)
npm http fetch GET 200 https://registry.npmjs.org/archiver-utils 1242ms (cache revalidated)
npm http fetch GET 200 https://registry.npmjs.org/isstream 1152ms (cache revalidated)
npm http fetch GET 200 https://registry.npmjs.org/combined-stream 1175ms (cache revalidated)
npm http fetch GET 200 https://registry.npmjs.org/qs 1145ms (cache revalidated)
npm http fetch GET 200 https://registry.npmjs.org/har-validator 1185ms (cache revalidated)
npm http fetch GET 200 https://registry.npmjs.org/json-stringify-safe 1173ms (cache revalidated)
npm http fetch GET 200 https://registry.npmjs.org/extend 1193ms (cache revalidated)
npm http fetch GET 200 https://registry.npmjs.org/http-signature 1228ms (cache revalidated)
npm http fetch GET 200 https://registry.npmjs.org/mime-types 1221ms (cache revalidated)
npm http fetch GET 200 https://registry.npmjs.org/string-width 1193ms (cache revalidated)
npm http fetch GET 200 https://registry.npmjs.org/performance-now 1227ms (cache revalidated)
npm http fetch GET 200 https://registry.npmjs.org/tough-cookie 1237ms (cache revalidated)
npm http fetch GET 200 https://registry.npmjs.org/safe-buffer 1245ms (cache revalidated)
npm http fetch GET 200 https://registry.npmjs.org/tunnel-agent 1255ms (cache revalidated)
npm http fetch GET 200 https://registry.npmjs.org/ajv 1245ms (cache revalidated)
npm http fetch GET 200 https://registry.npmjs.org/slice-ansi 1268ms (cache revalidated)
npm http fetch GET 200 https://registry.npmjs.org/readable-stream 1250ms (cache revalidated)
npm http fetch GET 200 https://registry.npmjs.org/duplexer2 1266ms (cache revalidated)
npm http fetch GET 200 https://registry.npmjs.org/big-integer 1276ms (cache revalidated)
npm http fetch GET 200 https://registry.npmjs.org/graceful-fs 1287ms (cache revalidated)
npm http fetch GET 200 https://registry.npmjs.org/configstore 1305ms (cache revalidated)
npm http fetch GET 200 https://registry.npmjs.org/setimmediate 1318ms (cache revalidated)
npm http fetch GET 200 https://registry.npmjs.org/listenercount 1335ms (cache revalidated)
npm http fetch GET 200 https://registry.npmjs.org/has-yarn 1326ms (cache revalidated)
npm http fetch GET 200 https://registry.npmjs.org/forever-agent 1426ms (cache revalidated)
npm http fetch GET 200 https://registry.npmjs.org/import-lazy 1345ms (cache revalidated)
npm http fetch GET 200 https://registry.npmjs.org/latest-version 1355ms (cache revalidated)
npm http fetch GET 200 https://registry.npmjs.org/semver-diff 1352ms (cache revalidated)
npm http fetch GET 200 https://registry.npmjs.org/when 1421ms (cache revalidated)
npm http fetch GET 200 https://registry.npmjs.org/is-yarn-global 1377ms (cache revalidated)
npm http fetch GET 200 https://registry.npmjs.org/buffer-indexof-polyfill 1410ms (cache revalidated)
npm http fetch GET 200 https://registry.npmjs.org/colors 1357ms (cache revalidated)
npm http fetch GET 200 https://registry.npmjs.org/cycle 1364ms (cache revalidated)
npm http fetch GET 200 https://registry.npmjs.org/fstream 1431ms (cache revalidated)
npm http fetch GET 200 https://registry.npmjs.org/find-up 1365ms (cache revalidated)
npm http fetch GET 200 https://registry.npmjs.org/cliui 1374ms (cache revalidated)
npm http fetch GET 200 https://registry.npmjs.org/boxen 1427ms (cache revalidated)
npm http fetch GET 200 https://registry.npmjs.org/isstream 1391ms (cache revalidated)
npm http fetch GET 200 https://registry.npmjs.org/require-directory 1386ms (cache revalidated)
npm http fetch GET 200 https://registry.npmjs.org/require-main-filename 1387ms (cache revalidated)
npm http fetch GET 200 https://registry.npmjs.org/y18n 1402ms (cache revalidated)
npm http fetch GET 200 https://registry.npmjs.org/pupa 1457ms (cache revalidated)
npm http fetch GET 200 https://registry.npmjs.org/set-blocking 1420ms (cache revalidated)
npm http fetch GET 200 https://registry.npmjs.org/xdg-basedir 1461ms (cache revalidated)
npm http fetch GET 200 https://registry.npmjs.org/zip-stream 1631ms (cache revalidated)
npm http fetch GET 200 https://registry.npmjs.org/which-module 1431ms (cache revalidated)
npm http fetch GET 200 https://registry.npmjs.org/yargs-parser 1444ms (cache revalidated)
npm http fetch GET 200 https://registry.npmjs.org/temp-fs 1652ms (cache revalidated)
npm http fetch GET 200 https://registry.npmjs.org/is-running 1661ms (cache revalidated)
npm http fetch GET 200 https://registry.npmjs.org/stack-trace 1522ms (cache revalidated)
npm http fetch GET 200 https://registry.npmjs.org/oauth-sign 1816ms (cache revalidated)
npm http fetch GET 200 https://registry.npmjs.org/binary 1922ms (cache revalidated)
npm http fetch GET 200 https://registry.npmjs.org/is-npm 1978ms (cache revalidated)
npm http fetch GET 200 https://registry.npmjs.org/eyes 2120ms (cache revalidated)
npm http fetch GET 200 https://registry.npmjs.org/decamelize 2220ms (cache revalidated)
npm http fetch GET 200 https://registry.npmjs.org/get-caller-file 2244ms (cache revalidated)
npm timing idealTree:node_modules/browserstack-cypress-cli Completed in 2599ms
npm http fetch GET 200 https://registry.npmjs.org/fs-constants 420ms (cache revalidated)
npm http fetch GET 200 https://registry.npmjs.org/lodash.defaults 448ms (cache revalidated)
npm http fetch GET 200 https://registry.npmjs.org/string_decoder 437ms (cache revalidated)
npm http fetch GET 200 https://registry.npmjs.org/bl 441ms (cache revalidated)
npm http fetch GET 200 https://registry.npmjs.org/lodash.flatten 460ms (cache revalidated)
npm http fetch GET 200 https://registry.npmjs.org/end-of-stream 443ms (cache revalidated)
npm http fetch GET 200 https://registry.npmjs.org/normalize-path 457ms (cache revalidated)
npm http fetch GET 200 https://registry.npmjs.org/util-deprecate 452ms (cache revalidated)
npm http fetch GET 200 https://registry.npmjs.org/compress-commons 484ms (cache revalidated)
npm http fetch GET 200 https://registry.npmjs.org/lodash.union 1139ms (cache revalidated)
npm http fetch GET 200 https://registry.npmjs.org/lazystream 1166ms (cache revalidated)
npm http fetch GET 200 https://registry.npmjs.org/lodash.isplainobject 1160ms (cache revalidated)
npm http fetch GET 200 https://registry.npmjs.org/lodash.difference 1166ms (cache revalidated)
npm timing idealTree:node_modules/archiver Completed in 1193ms
npm http fetch GET 200 https://registry.npmjs.org/process-nextick-args 92ms (cache revalidated)
npm http fetch GET 200 https://registry.npmjs.org/isarray 99ms (cache revalidated)
npm http fetch GET 200 https://registry.npmjs.org/core-util-is 115ms (cache revalidated)
npm timing idealTree:node_modules/archiver-utils Completed in 148ms
npm timing idealTree:node_modules/async Completed in 0ms
npm http fetch GET 200 https://registry.npmjs.org/event-stream 80ms (cache revalidated)
npm http fetch GET 200 https://registry.npmjs.org/rimraf 81ms (cache revalidated)
npm timing idealTree:node_modules/browserstack-local Completed in 108ms
npm http fetch GET 200 https://registry.npmjs.org/ms 86ms (cache updated)
npm timing idealTree:node_modules/agent-base Completed in 94ms
npm timing idealTree:node_modules/buffer-crc32 Completed in 0ms
npm http fetch GET 200 https://registry.npmjs.org/color-convert 88ms (cache revalidated)
npm http fetch GET 200 https://registry.npmjs.org/has-flag 109ms (cache revalidated)
npm timing idealTree:node_modules/chalk Completed in 121ms
npm http fetch GET 200 https://registry.npmjs.org/color-name 71ms (cache revalidated)
npm timing idealTree:node_modules/ansi-styles Completed in 79ms
npm http fetch GET 200 https://registry.npmjs.org/strip-ansi 97ms (cache revalidated)
npm http fetch GET 200 https://registry.npmjs.org/emoji-regex 104ms (cache revalidated)
npm http fetch GET 200 https://registry.npmjs.org/is-fullwidth-code-point 105ms (cache revalidated)
npm timing idealTree:node_modules/cli-progress Completed in 115ms
npm timing idealTree:node_modules/color-convert Completed in 3ms
npm timing idealTree:node_modules/color-name Completed in 0ms
npm http fetch GET 200 https://registry.npmjs.org/ansi-colors 468ms (cache revalidated)
npm http fetch GET 200 https://registry.npmjs.org/is-stream 462ms (cache revalidated)
npm http fetch GET 200 https://registry.npmjs.org/lodash.once 485ms (cache revalidated)
npm http fetch GET 200 https://registry.npmjs.org/base64-js 484ms (cache revalidated)
npm http fetch GET 200 https://registry.npmjs.org/ieee754 483ms (cache revalidated)
npm http fetch GET 200 https://registry.npmjs.org/restore-cursor 486ms (cache revalidated)
npm http fetch GET 200 https://registry.npmjs.org/get-stream 479ms (cache revalidated)
npm http fetch GET 200 https://registry.npmjs.org/signal-exit 471ms (cache revalidated)
npm http fetch GET 200 https://registry.npmjs.org/cross-spawn 487ms (cache revalidated)
npm http fetch GET 200 https://registry.npmjs.org/npm-run-path 481ms (cache revalidated)
npm http fetch GET 200 https://registry.npmjs.org/escape-string-regexp 471ms (cache revalidated)
npm http fetch GET 200 https://registry.npmjs.org/merge-stream 510ms (cache revalidated)
npm http fetch GET 200 https://registry.npmjs.org/get-stream 500ms (cache revalidated)
npm http fetch GET 200 https://registry.npmjs.org/strip-final-newline 508ms (cache revalidated)
npm http fetch GET 200 https://registry.npmjs.org/@types%2fyauzl 504ms (cache revalidated)
npm http fetch GET 200 https://registry.npmjs.org/cli-truncate 497ms (cache revalidated)
npm http fetch GET 200 https://registry.npmjs.org/is-path-inside 508ms (cache revalidated)
npm http fetch GET 200 https://registry.npmjs.org/at-least-node 519ms (cache revalidated)
npm http fetch GET 200 https://registry.npmjs.org/rfdc 512ms (cache revalidated)
npm http fetch GET 200 https://registry.npmjs.org/through 515ms (cache revalidated)
npm http fetch GET 200 https://registry.npmjs.org/wrap-ansi 520ms (cache revalidated)
npm http fetch GET 200 https://registry.npmjs.org/is-unicode-supported 521ms (cache revalidated)
npm http fetch GET 200 https://registry.npmjs.org/global-dirs 543ms (cache revalidated)
npm http fetch GET 200 https://registry.npmjs.org/rxjs 533ms (cache revalidated)
npm http fetch GET 200 https://registry.npmjs.org/fd-slicer 536ms (cache revalidated)
npm http fetch GET 200 https://registry.npmjs.org/onetime 587ms (cache updated)
npm http fetch GET 200 https://registry.npmjs.org/p-map 566ms (cache updated)
npm http fetch GET 200 https://registry.npmjs.org/ci-info 626ms (cache revalidated)
npm http fetch GET 200 https://registry.npmjs.org/log-update 632ms (cache revalidated)
npm http fetch GET 200 https://registry.npmjs.org/colorette 643ms (cache revalidated)
npm http fetch GET 200 https://registry.npmjs.org/lru-cache 662ms (cache revalidated)
npm http fetch GET 200 https://registry.npmjs.org/throttleit 682ms (cache revalidated)
npm http fetch GET 200 https://registry.npmjs.org/human-signals 1248ms (cache revalidated)
npm http fetch GET 200 https://registry.npmjs.org/pify 1236ms (cache updated)
npm http fetch GET 200 https://registry.npmjs.org/@colors%2fcolors 2281ms (cache revalidated)
npm timing idealTree:node_modules/cypress Completed in 2487ms
npm http fetch GET 200 https://registry.npmjs.org/asynckit 125ms (cache revalidated)
npm http fetch GET 200 https://registry.npmjs.org/sshpk 115ms (cache revalidated)
npm http fetch GET 200 https://registry.npmjs.org/mime-db 129ms (cache revalidated)
npm http fetch GET 200 https://registry.npmjs.org/jsprim 139ms (cache revalidated)
npm http fetch GET 200 https://registry.npmjs.org/psl 140ms (cache revalidated)
npm http fetch GET 200 https://registry.npmjs.org/assert-plus 158ms (cache revalidated)
npm http fetch GET 200 https://registry.npmjs.org/delayed-stream 173ms (cache revalidated)
npm http fetch GET 200 https://registry.npmjs.org/punycode 151ms (cache revalidated)
npm timing idealTree:node_modules/@cypress/request Completed in 227ms
npm timing idealTree:node_modules/@cypress/xvfb Completed in 7ms
npm timing idealTree:node_modules/@types/node Completed in 0ms
npm timing idealTree:node_modules/@types/sinonjs__fake-timers Completed in 0ms
npm timing idealTree:node_modules/@types/sizzle Completed in 0ms
npm timing idealTree:node_modules/arch Completed in 0ms
npm timing idealTree:node_modules/aws-sign2 Completed in 0ms
npm timing idealTree:node_modules/aws4 Completed in 0ms
npm timing idealTree:node_modules/blob-util Completed in 0ms
npm timing idealTree:node_modules/bluebird Completed in 0ms
npm timing idealTree:node_modules/buffer Completed in 6ms
npm timing idealTree:node_modules/base64-js Completed in 0ms
npm timing idealTree:node_modules/cachedir Completed in 0ms
npm timing idealTree:node_modules/caseless Completed in 1ms
npm timing idealTree:node_modules/check-more-types Completed in 0ms
npm timing idealTree:node_modules/cli-cursor Completed in 3ms
npm timing idealTree:node_modules/cli-table3 Completed in 6ms
npm timing idealTree:node_modules/@colors/colors Completed in 0ms
npm timing idealTree:node_modules/combined-stream Completed in 2ms
npm timing idealTree:node_modules/commander Completed in 1ms
npm timing idealTree:node_modules/common-tags Completed in 0ms
npm timing idealTree:node_modules/dayjs Completed in 1ms
npm timing idealTree:node_modules/debug Completed in 15ms
npm timing idealTree:node_modules/delayed-stream Completed in 0ms
npm timing idealTree:node_modules/enquirer Completed in 4ms
npm timing idealTree:node_modules/ansi-colors Completed in 0ms
npm timing idealTree:node_modules/eventemitter2 Completed in 0ms
npm http fetch GET 200 https://registry.npmjs.org/mimic-fn 145ms (cache revalidated)
npm http fetch GET 200 https://registry.npmjs.org/shebang-command 166ms (cache revalidated)
npm http fetch GET 200 https://registry.npmjs.org/pump 154ms (cache revalidated)
npm http fetch GET 200 https://registry.npmjs.org/which 170ms (cache revalidated)
npm http fetch GET 200 https://registry.npmjs.org/path-key 163ms (cache updated)
npm http fetch GET 200 https://registry.npmjs.org/path-key 184ms (cache updated)
npm timing idealTree:node_modules/execa Completed in 218ms
npm http fetch GET 200 https://registry.npmjs.org/isexe 73ms (cache revalidated)
npm http fetch GET 200 https://registry.npmjs.org/shebang-regex 957ms (cache revalidated)
npm timing idealTree:node_modules/cross-spawn Completed in 969ms
npm timing idealTree:node_modules/executable Completed in 5ms
npm timing idealTree:node_modules/extend Completed in 0ms
npm timing idealTree:node_modules/extract-zip Completed in 7ms
npm timing idealTree:node_modules/@types/yauzl Completed in 0ms
npm timing idealTree:node_modules/faker Completed in 0ms
npm timing idealTree:node_modules/figures Completed in 7ms
npm timing idealTree:node_modules/escape-string-regexp Completed in 0ms
npm timing idealTree:node_modules/forever-agent Completed in 0ms
npm timing idealTree:node_modules/form-data Completed in 7ms
npm timing idealTree:node_modules/asynckit Completed in 0ms
npm timing idealTree:node_modules/fs-extra Completed in 16ms
npm timing idealTree:node_modules/get-stream Completed in 18ms
npm timing idealTree:node_modules/getmac Completed in 8ms
npm timing idealTree:node_modules/getos Completed in 0ms
npm http fetch GET 200 https://registry.npmjs.org/brace-expansion 957ms (cache revalidated)
npm http fetch GET 200 https://registry.npmjs.org/wrappy 973ms (cache revalidated)
npm timing idealTree:node_modules/glob Completed in 1004ms
npm timing idealTree:node_modules/fs.realpath Completed in 0ms
npm timing idealTree:node_modules/graceful-fs Completed in 0ms
npm http fetch GET 200 https://registry.npmjs.org/extsprintf 176ms (cache revalidated)
npm http fetch GET 200 https://registry.npmjs.org/getpass 164ms (cache revalidated)
npm http fetch GET 200 https://registry.npmjs.org/json-schema 178ms (cache revalidated)
npm http fetch GET 200 https://registry.npmjs.org/verror 187ms (cache revalidated)
npm http fetch GET 200 https://registry.npmjs.org/dashdash 206ms (cache revalidated)
npm http fetch GET 200 https://registry.npmjs.org/jsbn 228ms (cache revalidated)
npm http fetch GET 200 https://registry.npmjs.org/tweetnacl 228ms (cache revalidated)
npm http fetch GET 200 https://registry.npmjs.org/asn1 247ms (cache revalidated)
npm http fetch GET 200 https://registry.npmjs.org/ecc-jsbn 232ms (cache revalidated)
npm http fetch GET 200 https://registry.npmjs.org/safer-buffer 244ms (cache revalidated)
npm http fetch GET 200 https://registry.npmjs.org/bcrypt-pbkdf 232ms (cache revalidated)
npm timing idealTree:node_modules/http-signature Completed in 278ms
npm timing idealTree:node_modules/assert-plus Completed in 0ms
npm timing idealTree:node_modules/https-proxy-agent Completed in 0ms
npm timing idealTree:node_modules/human-signals Completed in 0ms
npm timing idealTree:node_modules/ieee754 Completed in 0ms
npm timing idealTree:node_modules/inflight Completed in 4ms
npm timing idealTree:node_modules/inherits Completed in 0ms
npm timing idealTree:node_modules/is-ci Completed in 5ms
npm timing idealTree:node_modules/ci-info Completed in 0ms
npm http fetch GET 200 https://registry.npmjs.org/ini 98ms (cache revalidated)
npm timing idealTree:node_modules/is-installed-globally Completed in 108ms
npm timing idealTree:node_modules/global-dirs Completed in 4ms
npm timing idealTree:node_modules/ini Completed in 1ms
npm timing idealTree:node_modules/is-path-inside Completed in 0ms
npm timing idealTree:node_modules/is-running Completed in 0ms
npm timing idealTree:node_modules/is-stream Completed in 0ms
npm timing idealTree:node_modules/is-typedarray Completed in 1ms
npm timing idealTree:node_modules/isstream Completed in 0ms
npm timing idealTree:node_modules/json-stringify-safe Completed in 1ms
npm timing idealTree:node_modules/jsonfile Completed in 0ms
npm timing idealTree:node_modules/jsprim Completed in 16ms
npm timing idealTree:node_modules/extsprintf Completed in 0ms
npm timing idealTree:node_modules/json-schema Completed in 0ms
npm timing idealTree:node_modules/lazy-ass Completed in 1ms
npm timing idealTree:node_modules/lazystream Completed in 5ms
npm http fetch GET 200 https://registry.npmjs.org/tslib 104ms (cache revalidated)
npm http fetch GET 200 https://registry.npmjs.org/ansi-escapes 125ms (cache revalidated)
npm http fetch GET 200 https://registry.npmjs.org/aggregate-error 319ms (cache revalidated)
npm timing idealTree:node_modules/listr2 Completed in 355ms
npm http fetch GET 200 https://registry.npmjs.org/astral-regex 316ms (cache revalidated)
npm timing idealTree:node_modules/cli-truncate Completed in 323ms
npm timing idealTree:node_modules/colorette Completed in 1ms
npm timing idealTree:node_modules/lodash Completed in 0ms
npm timing idealTree:node_modules/lodash.defaults Completed in 1ms
npm timing idealTree:node_modules/lodash.difference Completed in 0ms
npm timing idealTree:node_modules/lodash.flatten Completed in 0ms
npm timing idealTree:node_modules/lodash.isplainobject Completed in 0ms
npm timing idealTree:node_modules/lodash.once Completed in 0ms
npm timing idealTree:node_modules/lodash.union Completed in 0ms
npm timing idealTree:node_modules/log-symbols Completed in 3ms
npm timing idealTree:node_modules/is-unicode-supported Completed in 0ms
npm http fetch GET 200 https://registry.npmjs.org/type-fest 145ms (cache revalidated)
npm timing idealTree:node_modules/log-update Completed in 171ms
npm timing idealTree:node_modules/ansi-escapes Completed in 5ms
npm timing idealTree:node_modules/merge-stream Completed in 0ms
npm timing idealTree:node_modules/mime-types Completed in 4ms
npm timing idealTree:node_modules/mime-db Completed in 0ms
npm http fetch GET 200 https://registry.npmjs.org/balanced-match 120ms (cache revalidated)
npm http fetch GET 200 https://registry.npmjs.org/concat-map 309ms (cache revalidated)
npm timing idealTree:node_modules/minimatch Completed in 319ms
npm timing idealTree:node_modules/brace-expansion Completed in 6ms
npm timing idealTree:node_modules/balanced-match Completed in 0ms
npm timing idealTree:node_modules/concat-map Completed in 0ms
npm timing idealTree:node_modules/minimist Completed in 0ms
npm timing idealTree:node_modules/mkdirp Completed in 0ms
npm timing idealTree:node_modules/ms Completed in 0ms
npm timing idealTree:node_modules/normalize-path Completed in 0ms
npm timing idealTree:node_modules/npm-run-path Completed in 0ms
npm timing idealTree:node_modules/once Completed in 0ms
npm timing idealTree:node_modules/onetime Completed in 2ms
npm timing idealTree:node_modules/mimic-fn Completed in 0ms
npm timing idealTree:node_modules/ospath Completed in 0ms
npm http fetch GET 200 https://registry.npmjs.org/clean-stack 78ms (cache revalidated)
npm http fetch GET 200 https://registry.npmjs.org/indent-string 947ms (cache revalidated)
npm timing idealTree:node_modules/p-map Completed in 956ms
npm timing idealTree:node_modules/aggregate-error Completed in 5ms
npm timing idealTree:node_modules/clean-stack Completed in 0ms
npm timing idealTree:node_modules/indent-string Completed in 0ms
npm timing idealTree:node_modules/path-is-absolute Completed in 0ms
npm timing idealTree:node_modules/path-key Completed in 0ms
npm timing idealTree:node_modules/performance-now Completed in 0ms
npm timing idealTree:node_modules/pify Completed in 0ms
npm timing idealTree:node_modules/pretty-bytes Completed in 1ms
npm timing idealTree:node_modules/proxy-from-env Completed in 0ms
npm http fetch GET 200 https://registry.npmjs.org/duplexer 119ms (cache revalidated)
npm http fetch GET 200 https://registry.npmjs.org/from 132ms (cache revalidated)
npm http fetch GET 200 https://registry.npmjs.org/map-stream 352ms (cache revalidated)
npm http fetch GET 200 https://registry.npmjs.org/split 963ms (cache revalidated)
npm http fetch GET 200 https://registry.npmjs.org/stream-combiner 973ms (cache revalidated)
npm http fetch GET 200 https://registry.npmjs.org/pause-stream 991ms (cache revalidated)
npm timing idealTree:node_modules/ps-tree Completed in 1007ms
npm timing idealTree:node_modules/event-stream Completed in 53ms
npm timing idealTree:node_modules/duplexer Completed in 0ms
npm timing idealTree:node_modules/from Completed in 0ms
npm timing idealTree:node_modules/map-stream Completed in 0ms
npm timing idealTree:node_modules/pause-stream Completed in 0ms
npm timing idealTree:node_modules/pump Completed in 8ms
npm timing idealTree:node_modules/end-of-stream Completed in 0ms
npm timing idealTree:node_modules/qs Completed in 0ms
npm timing idealTree:node_modules/readable-stream Completed in 16ms
npm timing idealTree:node_modules/readdir-glob Completed in 1ms
npm http fetch GET 200 https://registry.npmjs.org/har-schema 127ms (cache revalidated)
npm timing idealTree:node_modules/request Completed in 157ms
npm http fetch GET 200 https://registry.npmjs.org/fast-deep-equal 107ms (cache revalidated)
npm http fetch GET 200 https://registry.npmjs.org/json-schema-traverse 98ms (cache revalidated)
npm http fetch GET 200 https://registry.npmjs.org/uri-js 102ms (cache revalidated)
npm http fetch GET 200 https://registry.npmjs.org/fast-json-stable-stringify 325ms (cache revalidated)
npm timing idealTree:node_modules/har-validator Completed in 345ms
npm timing idealTree:node_modules/ajv Completed in 10ms
npm timing idealTree:node_modules/fast-deep-equal Completed in 0ms
npm timing idealTree:node_modules/fast-json-stable-stringify Completed in 0ms
npm timing idealTree:node_modules/har-schema Completed in 0ms
npm timing idealTree:node_modules/json-schema-traverse Completed in 0ms
npm timing idealTree:node_modules/oauth-sign Completed in 0ms
npm timing idealTree:node_modules/request-progress Completed in 2ms
npm timing idealTree:node_modules/requestretry Completed in 3ms
npm timing idealTree:node_modules/restore-cursor Completed in 0ms
npm timing idealTree:node_modules/rfdc Completed in 0ms
npm timing idealTree:node_modules/rxjs Completed in 3ms
npm timing idealTree:node_modules/safe-buffer Completed in 0ms
npm http fetch GET 200 https://registry.npmjs.org/yallist 69ms (cache revalidated)
npm timing idealTree:node_modules/semver Completed in 74ms
npm timing idealTree:node_modules/lru-cache Completed in 3ms
npm timing idealTree:node_modules/shebang-command Completed in 5ms
npm timing idealTree:node_modules/shebang-regex Completed in 0ms
npm timing idealTree:node_modules/signal-exit Completed in 0ms
npm timing idealTree:node_modules/slice-ansi Completed in 6ms
npm timing idealTree:node_modules/astral-regex Completed in 0ms
npm timing idealTree:node_modules/is-fullwidth-code-point Completed in 0ms
npm timing idealTree:node_modules/split Completed in 0ms
npm timing idealTree:node_modules/sshpk Completed in 19ms
npm timing idealTree:node_modules/asn1 Completed in 0ms
npm timing idealTree:node_modules/bcrypt-pbkdf Completed in 0ms
npm timing idealTree:node_modules/dashdash Completed in 0ms
npm timing idealTree:node_modules/ecc-jsbn Completed in 0ms
npm timing idealTree:node_modules/getpass Completed in 0ms
npm timing idealTree:node_modules/jsbn Completed in 0ms
npm timing idealTree:node_modules/safer-buffer Completed in 0ms
npm timing idealTree:node_modules/stream-combiner Completed in 0ms
npm timing idealTree:node_modules/string_decoder Completed in 1ms
npm http fetch GET 200 https://registry.npmjs.org/ansi-regex 78ms (cache revalidated)
npm timing idealTree:node_modules/string-width Completed in 88ms
npm timing idealTree:node_modules/emoji-regex Completed in 15ms
npm timing idealTree:node_modules/strip-ansi Completed in 3ms
npm timing idealTree:node_modules/ansi-regex Completed in 0ms
npm timing idealTree:node_modules/strip-final-newline Completed in 0ms
npm timing idealTree:node_modules/supports-color Completed in 14ms
npm timing idealTree:node_modules/has-flag Completed in 0ms
npm timing idealTree:node_modules/table Completed in 20ms
npm timing idealTree:node_modules/tar-stream Completed in 11ms
npm timing idealTree:node_modules/bl Completed in 1ms
npm timing idealTree:node_modules/fs-constants Completed in 0ms
npm timing idealTree:node_modules/temp-fs Completed in 7ms
npm timing idealTree:node_modules/rimraf Completed in 0ms
npm timing idealTree:node_modules/throttleit Completed in 0ms
npm timing idealTree:node_modules/through Completed in 0ms
npm timing idealTree:node_modules/tmp Completed in 5ms
npm timing idealTree:node_modules/tough-cookie Completed in 7ms
npm timing idealTree:node_modules/psl Completed in 0ms
npm timing idealTree:node_modules/punycode Completed in 0ms
npm timing idealTree:node_modules/tslib Completed in 1ms
npm timing idealTree:node_modules/tunnel-agent Completed in 0ms
npm timing idealTree:node_modules/tweetnacl Completed in 0ms
npm timing idealTree:node_modules/type-fest Completed in 0ms
npm timing idealTree:node_modules/universalify Completed in 0ms
npm timing idealTree:node_modules/untildify Completed in 0ms
npm http fetch GET 200 https://registry.npmjs.org/chainsaw 103ms (cache revalidated)
npm http fetch GET 200 https://registry.npmjs.org/buffers 313ms (cache revalidated)
npm timing idealTree:node_modules/unzipper Completed in 362ms
npm timing idealTree:node_modules/big-integer Completed in 0ms
npm http fetch GET 200 https://registry.npmjs.org/traverse 312ms (cache revalidated)
npm timing idealTree:node_modules/binary Completed in 321ms
npm timing idealTree:node_modules/buffer-indexof-polyfill Completed in 0ms
npm timing idealTree:node_modules/buffers Completed in 0ms
npm timing idealTree:node_modules/chainsaw Completed in 3ms
npm timing idealTree:node_modules/duplexer2 Completed in 6ms
npm timing idealTree:node_modules/fstream Completed in 9ms
npm timing idealTree:node_modules/listenercount Completed in 0ms
npm timing idealTree:node_modules/setimmediate Completed in 0ms
npm timing idealTree:node_modules/traverse Completed in 0ms
npm http fetch GET 200 https://registry.npmjs.org/widest-line 165ms (cache revalidated)
npm http fetch GET 200 https://registry.npmjs.org/ansi-align 181ms (cache revalidated)
npm http fetch GET 200 https://registry.npmjs.org/dot-prop 167ms (cache revalidated)
npm http fetch GET 200 https://registry.npmjs.org/camelcase 183ms (cache revalidated)
npm http fetch GET 200 https://registry.npmjs.org/make-dir 170ms (cache revalidated)
npm http fetch GET 200 https://registry.npmjs.org/escape-goat 168ms (cache revalidated)
npm http fetch GET 200 https://registry.npmjs.org/write-file-atomic 197ms (cache revalidated)
npm http fetch GET 200 https://registry.npmjs.org/unique-string 202ms (cache revalidated)
npm http fetch GET 200 https://registry.npmjs.org/cli-boxes 360ms (cache revalidated)
npm http fetch GET 200 https://registry.npmjs.org/package-json 395ms (cache revalidated)
npm timing idealTree:node_modules/update-notifier Completed in 478ms
npm timing idealTree:node_modules/boxen Completed in 14ms
npm timing idealTree:node_modules/ansi-align Completed in 0ms
npm timing idealTree:node_modules/camelcase Completed in 1ms
npm timing idealTree:node_modules/cli-boxes Completed in 0ms
npm http fetch GET 200 https://registry.npmjs.org/crypto-random-string 106ms (cache revalidated)
npm http fetch GET 200 https://registry.npmjs.org/is-obj 124ms (cache revalidated)
npm http fetch GET 200 https://registry.npmjs.org/imurmurhash 330ms (cache revalidated)
npm http fetch GET 200 https://registry.npmjs.org/typedarray-to-buffer 1016ms (cache revalidated)
npm timing idealTree:node_modules/configstore Completed in 1048ms
npm timing idealTree:node_modules/dot-prop Completed in 3ms
npm timing idealTree:node_modules/has-yarn Completed in 0ms
npm timing idealTree:node_modules/import-lazy Completed in 0ms
npm timing idealTree:node_modules/is-npm Completed in 0ms
npm timing idealTree:node_modules/is-obj Completed in 0ms
npm timing idealTree:node_modules/is-yarn-global Completed in 0ms
npm http fetch GET 200 https://registry.npmjs.org/registry-url 90ms (cache revalidated)
npm http fetch GET 200 https://registry.npmjs.org/got 145ms (cache revalidated)
npm http fetch GET 200 https://registry.npmjs.org/registry-auth-token 1033ms (cache revalidated)
npm timing idealTree:node_modules/latest-version Completed in 1046ms
npm timing idealTree:node_modules/make-dir Completed in 6ms
npm http fetch GET 200 https://registry.npmjs.org/lowercase-keys 185ms (cache revalidated)
npm http fetch GET 200 https://registry.npmjs.org/rc 186ms (cache revalidated)
npm http fetch GET 200 https://registry.npmjs.org/decompress-response 207ms (cache revalidated)
npm http fetch GET 200 https://registry.npmjs.org/cacheable-request 212ms (cache revalidated)
npm http fetch GET 200 https://registry.npmjs.org/mimic-response 239ms (cache revalidated)
npm http fetch GET 200 https://registry.npmjs.org/to-readable-stream 237ms (cache revalidated)
npm http fetch GET 200 https://registry.npmjs.org/rc 232ms (cache revalidated)
npm http fetch GET 200 https://registry.npmjs.org/duplexer3 254ms (cache revalidated)
npm http fetch GET 200 https://registry.npmjs.org/p-cancelable 248ms (cache revalidated)
npm http fetch GET 200 https://registry.npmjs.org/@szmarczak%2fhttp-timer 266ms (cache revalidated)
npm http fetch GET 200 https://registry.npmjs.org/url-parse-lax 248ms (cache revalidated)
npm http fetch GET 200 https://registry.npmjs.org/@sindresorhus%2fis 390ms (cache revalidated)
npm timing idealTree:node_modules/package-json Completed in 407ms
npm http fetch GET 200 https://registry.npmjs.org/defer-to-connect 128ms (cache revalidated)
npm http fetch GET 200 https://registry.npmjs.org/clone-response 130ms (cache revalidated)
npm http fetch GET 200 https://registry.npmjs.org/normalize-url 140ms (cache revalidated)
npm http fetch GET 200 https://registry.npmjs.org/responselike 142ms (cache revalidated)
npm http fetch GET 200 https://registry.npmjs.org/http-cache-semantics 150ms (cache revalidated)
npm http fetch GET 200 https://registry.npmjs.org/keyv 1006ms (cache revalidated)
npm http fetch GET 200 https://registry.npmjs.org/prepend-http 1092ms (cache revalidated)
npm timing idealTree:node_modules/got Completed in 1156ms
npm timing idealTree:node_modules/@sindresorhus/is Completed in 0ms
npm timing idealTree:node_modules/@szmarczak/http-timer Completed in 6ms
npm http fetch GET 200 https://registry.npmjs.org/json-buffer 119ms (cache revalidated)
npm timing idealTree:node_modules/cacheable-request Completed in 140ms
npm timing idealTree:node_modules/clone-response Completed in 0ms
npm timing idealTree:node_modules/decompress-response Completed in 0ms
npm timing idealTree:node_modules/defer-to-connect Completed in 0ms
npm timing idealTree:node_modules/duplexer3 Completed in 0ms
npm timing idealTree:node_modules/http-cache-semantics Completed in 0ms
npm timing idealTree:node_modules/keyv Completed in 3ms
npm timing idealTree:node_modules/json-buffer Completed in 0ms
npm timing idealTree:node_modules/lowercase-keys Completed in 0ms
npm timing idealTree:node_modules/mimic-response Completed in 0ms
npm timing idealTree:node_modules/normalize-url Completed in 0ms
npm timing idealTree:node_modules/p-cancelable Completed in 0ms
npm timing idealTree:node_modules/pupa Completed in 3ms
npm timing idealTree:node_modules/escape-goat Completed in 0ms
npm http fetch GET 200 https://registry.npmjs.org/deep-extend 80ms (cache revalidated)
npm http fetch GET 200 https://registry.npmjs.org/strip-json-comments 92ms (cache revalidated)
npm timing idealTree:node_modules/registry-auth-token Completed in 107ms
npm timing idealTree:node_modules/rc Completed in 9ms
npm timing idealTree:node_modules/deep-extend Completed in 0ms
npm timing idealTree:node_modules/registry-url Completed in 0ms
npm timing idealTree:node_modules/responselike Completed in 0ms
npm timing idealTree:node_modules/semver-diff Completed in 2ms
npm timing idealTree:node_modules/strip-json-comments Completed in 0ms
npm timing idealTree:node_modules/to-readable-stream Completed in 0ms
npm timing idealTree:node_modules/unique-string Completed in 5ms
npm timing idealTree:node_modules/crypto-random-string Completed in 1ms
npm timing idealTree:node_modules/uri-js Completed in 0ms
npm timing idealTree:node_modules/url-parse-lax Completed in 4ms
npm timing idealTree:node_modules/prepend-http Completed in 0ms
npm timing idealTree:node_modules/util-deprecate Completed in 0ms
npm timing idealTree:node_modules/uuid Completed in 0ms
npm timing idealTree:node_modules/verror Completed in 6ms
npm timing idealTree:node_modules/core-util-is Completed in 0ms
npm timing idealTree:node_modules/when Completed in 0ms
npm timing idealTree:node_modules/which Completed in 4ms
npm timing idealTree:node_modules/isexe Completed in 0ms
npm timing idealTree:node_modules/widest-line Completed in 0ms
npm timing idealTree:node_modules/winston Completed in 19ms
npm timing idealTree:node_modules/colors Completed in 0ms
npm timing idealTree:node_modules/cycle Completed in 0ms
npm timing idealTree:node_modules/eyes Completed in 1ms
npm timing idealTree:node_modules/stack-trace Completed in 0ms
npm timing idealTree:node_modules/wrap-ansi Completed in 0ms
npm timing idealTree:node_modules/wrappy Completed in 0ms
npm timing idealTree:node_modules/write-file-atomic Completed in 7ms
npm timing idealTree:node_modules/imurmurhash Completed in 0ms
npm timing idealTree:node_modules/typedarray-to-buffer Completed in 0ms
npm timing idealTree:node_modules/xdg-basedir Completed in 0ms
npm timing idealTree:node_modules/yallist Completed in 0ms
npm http fetch GET 200 https://registry.npmjs.org/locate-path 109ms (cache revalidated)
npm timing idealTree:node_modules/yargs Completed in 144ms
npm timing idealTree:node_modules/cliui Completed in 10ms
npm timing idealTree:node_modules/decamelize Completed in 0ms
npm http fetch GET 200 https://registry.npmjs.org/path-exists 89ms (cache revalidated)
npm http fetch GET 200 https://registry.npmjs.org/p-locate 96ms (cache revalidated)
npm timing idealTree:node_modules/find-up Completed in 102ms
npm timing idealTree:node_modules/get-caller-file Completed in 0ms
npm http fetch GET 200 https://registry.npmjs.org/p-limit 95ms (cache revalidated)
npm timing idealTree:node_modules/locate-path Completed in 105ms
npm http fetch GET 200 https://registry.npmjs.org/p-try 114ms (cache revalidated)
npm timing idealTree:node_modules/p-locate Completed in 123ms
npm timing idealTree:node_modules/p-limit Completed in 3ms
npm timing idealTree:node_modules/p-try Completed in 0ms
npm timing idealTree:node_modules/path-exists Completed in 0ms
npm timing idealTree:node_modules/require-directory Completed in 0ms
npm timing idealTree:node_modules/require-main-filename Completed in 0ms
npm timing idealTree:node_modules/set-blocking Completed in 0ms
npm timing idealTree:node_modules/which-module Completed in 0ms
npm timing idealTree:node_modules/y18n Completed in 0ms
npm timing idealTree:node_modules/yargs-parser Completed in 2ms
npm http fetch GET 200 https://registry.npmjs.org/pend 100ms (cache updated)
npm timing idealTree:node_modules/yauzl Completed in 105ms
npm timing idealTree:node_modules/fd-slicer Completed in 3ms
npm timing idealTree:node_modules/pend Completed in 0ms
npm http fetch GET 200 https://registry.npmjs.org/crc32-stream 77ms (cache revalidated)
npm timing idealTree:node_modules/zip-stream Completed in 86ms
npm http fetch GET 200 https://registry.npmjs.org/crc-32 76ms (cache revalidated)
npm timing idealTree:node_modules/compress-commons Completed in 88ms
npm timing idealTree:node_modules/crc32-stream Completed in 3ms
npm timing idealTree:node_modules/crc-32 Completed in 0ms
npm timing idealTree:node_modules/@cypress/xvfb/node_modules/debug Completed in 0ms
npm timing idealTree:node_modules/archiver-utils/node_modules/readable-stream Completed in 18ms
npm timing idealTree:node_modules/isarray Completed in 0ms
npm timing idealTree:node_modules/process-nextick-args Completed in 0ms
npm timing idealTree:node_modules/archiver-utils/node_modules/safe-buffer Completed in 0ms
npm timing idealTree:node_modules/archiver-utils/node_modules/string_decoder Completed in 0ms
npm timing idealTree:node_modules/boxen/node_modules/type-fest Completed in 0ms
npm timing idealTree:node_modules/cacheable-request/node_modules/lowercase-keys Completed in 0ms
npm timing idealTree:node_modules/cliui/node_modules/string-width Completed in 6ms
npm timing idealTree:node_modules/cliui/node_modules/emoji-regex Completed in 0ms
npm timing idealTree:node_modules/cliui/node_modules/is-fullwidth-code-point Completed in 0ms
npm timing idealTree:node_modules/cliui/node_modules/strip-ansi Completed in 3ms
npm timing idealTree:node_modules/cliui/node_modules/ansi-regex Completed in 0ms
npm timing idealTree:node_modules/cliui/node_modules/wrap-ansi Completed in 7ms
npm timing idealTree:node_modules/cliui/node_modules/ansi-styles Completed in 7ms
npm timing idealTree:node_modules/cliui/node_modules/color-convert Completed in 2ms
npm timing idealTree:node_modules/cliui/node_modules/color-name Completed in 0ms
npm timing idealTree:node_modules/cypress/node_modules/fs-extra Completed in 8ms
npm timing idealTree:node_modules/at-least-node Completed in 1ms
npm timing idealTree:node_modules/cypress/node_modules/jsonfile Completed in 0ms
npm timing idealTree:node_modules/cypress/node_modules/supports-color Completed in 18ms
npm timing idealTree:node_modules/cypress/node_modules/universalify Completed in 0ms
npm timing idealTree:node_modules/duplexer2/node_modules/readable-stream Completed in 6ms
npm timing idealTree:node_modules/duplexer2/node_modules/safe-buffer Completed in 1ms
npm timing idealTree:node_modules/duplexer2/node_modules/string_decoder Completed in 0ms
npm timing idealTree:node_modules/fstream/node_modules/mkdirp Completed in 0ms
npm timing idealTree:node_modules/getmac/node_modules/@types/node Completed in 0ms
npm timing idealTree:node_modules/got/node_modules/get-stream Completed in 0ms
npm timing idealTree:node_modules/lazystream/node_modules/readable-stream Completed in 9ms
npm timing idealTree:node_modules/lazystream/node_modules/safe-buffer Completed in 0ms
npm timing idealTree:node_modules/lazystream/node_modules/string_decoder Completed in 0ms
npm timing idealTree:node_modules/log-update/node_modules/slice-ansi Completed in 1ms
npm timing idealTree:node_modules/log-update/node_modules/wrap-ansi Completed in 0ms
npm timing idealTree:node_modules/make-dir/node_modules/semver Completed in 0ms
npm timing idealTree:node_modules/package-json/node_modules/semver Completed in 0ms
npm timing idealTree:node_modules/rc/node_modules/ini Completed in 0ms
npm timing idealTree:node_modules/request/node_modules/http-signature Completed in 6ms
npm timing idealTree:node_modules/request/node_modules/jsprim Completed in 0ms
npm timing idealTree:node_modules/request/node_modules/uuid Completed in 0ms
npm timing idealTree:node_modules/semver-diff/node_modules/semver Completed in 0ms
npm timing idealTree:node_modules/table/node_modules/slice-ansi Completed in 9ms
npm timing idealTree:node_modules/table/node_modules/ansi-styles Completed in 2ms
npm timing idealTree:node_modules/table/node_modules/astral-regex Completed in 0ms
npm timing idealTree:node_modules/table/node_modules/color-convert Completed in 3ms
npm timing idealTree:node_modules/table/node_modules/color-name Completed in 0ms
npm timing idealTree:node_modules/table/node_modules/is-fullwidth-code-point Completed in 0ms
npm timing idealTree:node_modules/table/node_modules/string-width Completed in 5ms
npm timing idealTree:node_modules/table/node_modules/emoji-regex Completed in 0ms
npm timing idealTree:node_modules/table/node_modules/strip-ansi Completed in 10ms
npm timing idealTree:node_modules/table/node_modules/ansi-regex Completed in 0ms
npm timing idealTree:node_modules/tmp/node_modules/rimraf Completed in 0ms
npm timing idealTree:node_modules/unzipper/node_modules/bluebird Completed in 0ms
npm timing idealTree:node_modules/unzipper/node_modules/readable-stream Completed in 16ms
npm timing idealTree:node_modules/unzipper/node_modules/safe-buffer Completed in 0ms
npm timing idealTree:node_modules/unzipper/node_modules/string_decoder Completed in 0ms
npm timing idealTree:node_modules/update-notifier/node_modules/is-ci Completed in 6ms
npm timing idealTree:node_modules/update-notifier/node_modules/ci-info Completed in 0ms
npm timing idealTree:node_modules/winston/node_modules/async Completed in 0ms
npm timing idealTree:node_modules/yargs-parser/node_modules/camelcase Completed in 0ms
npm timing idealTree:node_modules/yargs/node_modules/string-width Completed in 14ms
npm timing idealTree:node_modules/yargs/node_modules/emoji-regex Completed in 1ms
npm timing idealTree:node_modules/yargs/node_modules/is-fullwidth-code-point Completed in 0ms
npm timing idealTree:node_modules/yargs/node_modules/strip-ansi Completed in 3ms
npm timing idealTree:node_modules/yargs/node_modules/ansi-regex Completed in 0ms
npm timing idealTree:buildDeps Completed in 26575ms
npm timing idealTree:fixDepFlags Completed in 12ms
npm timing idealTree Completed in 26653ms
npm timing reify:loadTrees Completed in 26656ms
npm timing reify:diffTrees Completed in 23ms
npm timing reify:retireShallow Completed in 7ms
npm timing reify:createSparse Completed in 576ms
npm timing reify:loadBundles Completed in 0ms
npm http fetch POST 200 https://registry.npmjs.org/-/npm/v1/security/advisories/bulk 996ms
npm timing auditReport:getReport Completed in 1020ms
npm timing metavuln:packument:requestretry Completed in 4ms
npm timing metavuln:packument:got Completed in 2ms
npm timing metavuln:cache:get:security-advisory:requestretry:Eo051QSAZNYLN/ExzD/e+1BHqCyRLjvfK1zsFKI1GJvKqF9FERIyLCKvsY+OkdLG1N7/O+vkIUmVOeFFT0mWFw== Completed in 3563ms
npm timing metavuln:load:security-advisory:requestretry:1067395 Completed in 30ms
npm timing metavuln:calculate:security-advisory:requestretry:1067395 Completed in 3599ms
npm timing metavuln:cache:get:security-advisory:got:tYQ1W/QUmPXM20cYWRrGedLlgnmwV5mOX7j4TVyE9l2NJvN159q3yhB/VUhz6NNuV96GARzrLoc7aiQLvqQj4g== Completed in 3593ms
npm timing metavuln:load:security-advisory:got:1075647 Completed in 13ms
npm timing metavuln:calculate:security-advisory:got:1075647 Completed in 3608ms
npm timing metavuln:packument:browserstack-cypress-cli Completed in 2ms
npm timing reifyNode:node_modules/cycle Completed in 5167ms
npm timing reifyNode:node_modules/setimmediate Completed in 5199ms
npm timing reifyNode:node_modules/process-nextick-args Completed in 5615ms
npm timing reifyNode:node_modules/at-least-node Completed in 5617ms
npm timing reifyNode:node_modules/locate-path Completed in 5617ms
npm timing reifyNode:node_modules/path-exists Completed in 5620ms
npm timing reifyNode:node_modules/decamelize Completed in 5618ms
npm timing reifyNode:node_modules/find-up Completed in 5633ms
npm timing reifyNode:node_modules/imurmurhash Completed in 5635ms
npm timing reifyNode:node_modules/p-locate Completed in 5643ms
npm timing reifyNode:node_modules/prepend-http Completed in 5644ms
npm timing reifyNode:node_modules/strip-json-comments Completed in 5651ms
npm timing metavuln:cache:get:security-advisory:browserstack-cypress-cli:A6dwK3MFzVQH6WezFEH2yUSJLcMGEFT/1b1i1THi08GrkHxBOLgdyKwHBpwu8pUTmUm4fCm/mv+k9jn9tLW3Yw== Completed in 1057ms
npm timing metavuln:load:security-advisory:browserstack-cypress-cli:Eo051QSAZNYLN/ExzD/e+1BHqCyRLjvfK1zsFKI1GJvKqF9FERIyLCKvsY+OkdLG1N7/O+vkIUmVOeFFT0mWFw== Completed in 3ms
npm timing metavuln:calculate:security-advisory:browserstack-cypress-cli:Eo051QSAZNYLN/ExzD/e+1BHqCyRLjvfK1zsFKI1GJvKqF9FERIyLCKvsY+OkdLG1N7/O+vkIUmVOeFFT0mWFw== Completed in 1060ms
npm timing metavuln:packument:package-json Completed in 0ms
npm timing reifyNode:node_modules/lowercase-keys Completed in 5664ms
npm timing reifyNode:node_modules/to-readable-stream Completed in 5666ms
npm timing reifyNode:node_modules/url-parse-lax Completed in 5667ms
npm timing reifyNode:node_modules/decompress-response Completed in 5667ms
npm timing reifyNode:node_modules/mimic-response Completed in 5671ms
npm timing reifyNode:node_modules/duplexer3 Completed in 5671ms
npm timing reifyNode:node_modules/import-lazy Completed in 5673ms
npm timing reifyNode:node_modules/configstore Completed in 5674ms
npm timing reifyNode:node_modules/duplexer2 Completed in 5674ms
npm timing reifyNode:node_modules/oauth-sign Completed in 5676ms
npm timing reifyNode:node_modules/end-of-stream Completed in 5685ms
npm timing reifyNode:node_modules/slice-ansi Completed in 5685ms
npm timing reifyNode:node_modules/wrap-ansi Completed in 5687ms
npm timing reifyNode:node_modules/brace-expansion Completed in 5688ms
npm timing reifyNode:node_modules/wrappy Completed in 5689ms
npm timing reifyNode:node_modules/path-is-absolute Completed in 5690ms
npm timing reifyNode:node_modules/inflight Completed in 5692ms
npm timing reifyNode:node_modules/@types/yauzl Completed in 5692ms
npm timing reifyNode:node_modules/universalify Completed in 5694ms
npm timing reifyNode:node_modules/pify Completed in 5694ms
npm timing reifyNode:node_modules/shebang-command Completed in 5695ms
npm timing reifyNode:node_modules/escape-string-regexp Completed in 5701ms
npm timing reifyNode:node_modules/strip-final-newline Completed in 5702ms
npm timing reifyNode:node_modules/merge-stream Completed in 5704ms
npm timing reifyNode:node_modules/lodash.once Completed in 5704ms
npm timing reifyNode:node_modules/ms Completed in 5706ms
npm timing reifyNode:node_modules/ini Completed in 5711ms
npm timing reifyNode:node_modules/once Completed in 5714ms
npm timing reifyNode:node_modules/@types/sizzle Completed in 5717ms
npm timing reifyNode:node_modules/executable Completed in 5720ms
npm timing reifyNode:node_modules/color-name Completed in 5719ms
npm timing reifyNode:node_modules/@cypress/xvfb Completed in 5722ms
npm timing reifyNode:node_modules/normalize-path Completed in 5722ms
npm timing reifyNode:node_modules/lodash.isplainobject Completed in 5723ms
npm timing reifyNode:node_modules/lodash.flatten Completed in 5726ms
npm timing reifyNode:node_modules/@types/sinonjs__fake-timers Completed in 5732ms
npm timing reifyNode:node_modules/buffer-crc32 Completed in 5733ms
npm timing reifyNode:node_modules/cliui/node_modules/ansi-regex Completed in 5763ms
npm timing reifyNode:node_modules/cliui/node_modules/ansi-styles Completed in 5764ms
npm timing reifyNode:node_modules/cliui/node_modules/string-width Completed in 5765ms
npm timing reifyNode:node_modules/log-update/node_modules/slice-ansi Completed in 5750ms
npm timing reifyNode:node_modules/rc/node_modules/ini Completed in 5767ms
npm timing reifyNode:node_modules/cliui/node_modules/wrap-ansi Completed in 5770ms
npm timing reifyNode:node_modules/log-update/node_modules/wrap-ansi Completed in 5757ms
npm timing reifyNode:node_modules/yargs/node_modules/ansi-regex Completed in 5749ms
npm timing reifyNode:node_modules/cliui/node_modules/is-fullwidth-code-point Completed in 5778ms
npm timing reifyNode:node_modules/yargs/node_modules/string-width Completed in 5753ms
npm timing reifyNode:node_modules/table/node_modules/ansi-regex Completed in 5753ms
npm timing reifyNode:node_modules/table/node_modules/astral-regex Completed in 5754ms
npm timing reifyNode:node_modules/table/node_modules/slice-ansi Completed in 5759ms
npm timing reifyNode:node_modules/table/node_modules/is-fullwidth-code-point Completed in 5762ms
npm timing reifyNode:node_modules/table/node_modules/ansi-styles Completed in 5765ms
npm timing reifyNode:node_modules/table/node_modules/string-width Completed in 5770ms
npm timing reifyNode:node_modules/clone-response Completed in 5801ms
npm timing reifyNode:node_modules/responselike Completed in 5802ms
npm timing reifyNode:node_modules/@szmarczak/http-timer Completed in 5813ms
npm timing reifyNode:node_modules/yargs/node_modules/is-fullwidth-code-point Completed in 5798ms
npm timing reifyNode:node_modules/cypress/node_modules/universalify Completed in 5799ms
npm timing reifyNode:node_modules/lru-cache Completed in 5816ms
npm timing reifyNode:node_modules/tunnel-agent Completed in 5826ms
npm timing reifyNode:node_modules/forever-agent Completed in 5827ms
npm timing reifyNode:node_modules/aws-sign2 Completed in 5829ms
npm timing reifyNode:node_modules/temp-fs Completed in 5838ms
npm timing reifyNode:node_modules/lodash.defaults Completed in 5839ms
npm timing reifyNode:node_modules/readdir-glob Completed in 5842ms
npm timing reifyNode:node_modules/keyv Completed in 5883ms
npm timing reifyNode:node_modules/cacheable-request Completed in 5893ms
npm timing reifyNode:node_modules/http-cache-semantics Completed in 5895ms
npm timing reifyNode:node_modules/string_decoder Completed in 5899ms
npm timing reifyNode:node_modules/minimatch Completed in 5902ms
npm timing reifyNode:node_modules/lodash.union Completed in 5902ms
npm timing reifyNode:node_modules/lodash.difference Completed in 5903ms
npm timing reifyNode:node_modules/pend Completed in 5984ms
npm timing reifyNode:node_modules/p-limit Completed in 5987ms
npm timing reifyNode:node_modules/p-try Completed in 5989ms
npm timing reifyNode:node_modules/set-blocking Completed in 5988ms
npm timing reifyNode:node_modules/which-module Completed in 5990ms
npm timing reifyNode:node_modules/y18n Completed in 5991ms
npm timing reifyNode:node_modules/crypto-random-string Completed in 5990ms
npm timing reifyNode:node_modules/escape-goat Completed in 5991ms
npm timing reifyNode:node_modules/normalize-url Completed in 5992ms
npm timing reifyNode:node_modules/require-main-filename Completed in 5997ms
npm timing reifyNode:node_modules/is-obj Completed in 5992ms
npm timing reifyNode:node_modules/registry-url Completed in 5994ms
npm timing reifyNode:node_modules/unique-string Completed in 5994ms
npm timing reifyNode:node_modules/dot-prop Completed in 5994ms
npm timing reifyNode:node_modules/p-cancelable Completed in 5997ms
npm timing reifyNode:node_modules/camelcase Completed in 5995ms
npm timing reifyNode:node_modules/ansi-align Completed in 5996ms
npm timing reifyNode:node_modules/is-yarn-global Completed in 5995ms
npm timing reifyNode:node_modules/make-dir Completed in 5998ms
npm timing reifyNode:node_modules/semver-diff Completed in 5997ms
npm timing reifyNode:node_modules/is-npm Completed in 5998ms
npm timing reifyNode:node_modules/widest-line Completed in 6002ms
npm timing reifyNode:node_modules/pupa Completed in 6000ms
npm timing reifyNode:node_modules/has-yarn Completed in 6003ms
npm timing reifyNode:node_modules/fs-constants Completed in 6002ms
npm timing reifyNode:node_modules/strip-ansi Completed in 6003ms
npm timing reifyNode:node_modules/xdg-basedir Completed in 6009ms
npm timing reifyNode:node_modules/shebang-regex Completed in 6005ms
npm timing reifyNode:node_modules/latest-version Completed in 6012ms
npm timing reifyNode:node_modules/ansi-regex Completed in 6010ms
npm timing reifyNode:node_modules/is-fullwidth-code-point Completed in 6014ms
npm timing reifyNode:node_modules/astral-regex Completed in 6015ms
npm timing reifyNode:node_modules/has-flag Completed in 6018ms
npm timing reifyNode:node_modules/clean-stack Completed in 6021ms
npm timing reifyNode:node_modules/indent-string Completed in 6022ms
npm timing reifyNode:node_modules/aggregate-error Completed in 6027ms
npm timing reifyNode:node_modules/is-unicode-supported Completed in 6027ms
npm timing reifyNode:node_modules/mimic-fn Completed in 6030ms
npm timing reifyNode:node_modules/log-update Completed in 6029ms
npm timing reifyNode:node_modules/is-path-inside Completed in 6030ms
npm timing reifyNode:node_modules/p-map Completed in 6032ms
npm timing reifyNode:node_modules/inherits Completed in 6031ms
npm timing reifyNode:node_modules/global-dirs Completed in 6032ms
npm timing reifyNode:node_modules/cli-truncate Completed in 6033ms
npm timing reifyNode:node_modules/assert-plus Completed in 6033ms
npm timing reifyNode:node_modules/onetime Completed in 6033ms
npm timing reifyNode:node_modules/path-key Completed in 6040ms
npm timing reifyNode:node_modules/is-stream Completed in 6046ms
npm timing reifyNode:node_modules/restore-cursor Completed in 6046ms
npm timing reifyNode:node_modules/signal-exit Completed in 6048ms
npm timing reifyNode:node_modules/ieee754 Completed in 6048ms
npm timing reifyNode:node_modules/npm-run-path Completed in 6057ms
npm timing reifyNode:node_modules/is-typedarray Completed in 6058ms
npm timing reifyNode:node_modules/untildify Completed in 6060ms
npm timing reifyNode:node_modules/ospath Completed in 6061ms
npm timing reifyNode:node_modules/caseless Completed in 6063ms
npm timing reifyNode:node_modules/is-installed-globally Completed in 6063ms
npm timing reifyNode:node_modules/figures Completed in 6069ms
npm timing reifyNode:node_modules/pretty-bytes Completed in 6072ms
npm timing reifyNode:node_modules/cli-cursor Completed in 6076ms
npm timing reifyNode:node_modules/yauzl Completed in 6079ms
npm timing reifyNode:node_modules/string-width Completed in 6077ms
npm timing reifyNode:node_modules/supports-color Completed in 6080ms
npm timing reifyNode:node_modules/cliui/node_modules/strip-ansi Completed in 6119ms
npm timing reifyNode:node_modules/cacheable-request/node_modules/lowercase-keys Completed in 6122ms
npm timing reifyNode:node_modules/got/node_modules/get-stream Completed in 6124ms
npm timing reifyNode:node_modules/yargs/node_modules/strip-ansi Completed in 6104ms
npm timing reifyNode:node_modules/yargs-parser/node_modules/camelcase Completed in 6133ms
npm timing reifyNode:node_modules/package-json Completed in 6182ms
npm timing reifyNode:node_modules/write-file-atomic Completed in 6187ms
npm timing reifyNode:node_modules/table/node_modules/strip-ansi Completed in 6167ms
npm timing reifyNode:node_modules/cliui Completed in 6200ms
npm timing reifyNode:node_modules/defer-to-connect Completed in 6198ms
npm timing reifyNode:node_modules/rimraf Completed in 6191ms
npm timing reifyNode:node_modules/boxen Completed in 6195ms
npm timing reifyNode:node_modules/cypress/node_modules/supports-color Completed in 6175ms
npm timing reifyNode:node_modules/yallist Completed in 6198ms
npm timing reifyNode:node_modules/balanced-match Completed in 6197ms
npm timing reifyNode:node_modules/ansi-escapes Completed in 6199ms
npm timing reifyNode:node_modules/jsonfile Completed in 6197ms
npm timing reifyNode:node_modules/fs.realpath Completed in 6198ms
npm timing reifyNode:node_modules/mime-types Completed in 6198ms
npm timing reifyNode:node_modules/combined-stream Completed in 6198ms
npm timing reifyNode:node_modules/ansi-styles Completed in 6205ms
npm timing reifyNode:node_modules/update-notifier Completed in 6205ms
npm timing reifyNode:node_modules/zip-stream Completed in 6207ms
npm timing reifyNode:node_modules/bcrypt-pbkdf Completed in 6256ms
npm timing reifyNode:node_modules/punycode Completed in 6264ms
npm timing reifyNode:node_modules/safe-buffer Completed in 6262ms
npm timing reifyNode:node_modules/json-schema Completed in 6266ms
npm timing reifyNode:node_modules/duplexer2/node_modules/string_decoder Completed in 6301ms
npm timing reifyNode:node_modules/duplexer2/node_modules/safe-buffer Completed in 6304ms
npm timing reifyNode:node_modules/lazystream/node_modules/safe-buffer Completed in 6289ms
npm timing reifyNode:node_modules/archiver-utils/node_modules/string_decoder Completed in 6290ms
npm timing reifyNode:node_modules/unzipper/node_modules/string_decoder Completed in 6290ms
npm timing reifyNode:node_modules/lazystream/node_modules/string_decoder Completed in 6293ms
npm timing reifyNode:node_modules/unzipper/node_modules/safe-buffer Completed in 6302ms
npm timing reifyNode:node_modules/archiver-utils/node_modules/safe-buffer Completed in 6304ms
npm timing reifyNode:node_modules/cli-boxes Completed in 6357ms
npm timing reifyNode:node_modules/get-caller-file Completed in 6368ms
npm timing reifyNode:node_modules/base64-js Completed in 6353ms
npm timing reifyNode:node_modules/util-deprecate Completed in 6364ms
npm timing reifyNode:node_modules/log-symbols Completed in 6357ms
npm timing reifyNode:node_modules/is-ci Completed in 6359ms
npm timing reifyNode:node_modules/cachedir Completed in 6359ms
npm timing reifyNode:node_modules/extract-zip Completed in 6361ms
npm timing reifyNode:node_modules/arch Completed in 6363ms
npm timing reifyNode:node_modules/archiver-utils Completed in 6368ms
npm timing reifyNode:node_modules/tmp Completed in 6379ms
npm timing reifyNode:node_modules/update-notifier/node_modules/is-ci Completed in 6375ms
npm timing metavuln:cache:get:security-advisory:package-json:8HDJCPRRLgI9VicoAWqRM79RThRbVHwFdegolPf21pA2g1H0VpjGNzaf81FlfNZJuCfY+5Awrt7E56dv6e6WFQ== Completed in 741ms
npm timing metavuln:load:security-advisory:package-json:tYQ1W/QUmPXM20cYWRrGedLlgnmwV5mOX7j4TVyE9l2NJvN159q3yhB/VUhz6NNuV96GARzrLoc7aiQLvqQj4g== Completed in 1ms
npm timing metavuln:calculate:security-advisory:package-json:tYQ1W/QUmPXM20cYWRrGedLlgnmwV5mOX7j4TVyE9l2NJvN159q3yhB/VUhz6NNuV96GARzrLoc7aiQLvqQj4g== Completed in 742ms
npm timing metavuln:packument:latest-version Completed in 1ms
npm timing reifyNode:node_modules/deep-extend Completed in 6432ms
npm timing reifyNode:node_modules/getpass Completed in 6423ms
npm timing reifyNode:node_modules/stack-trace Completed in 6436ms
npm WARN deprecated har-validator@5.1.5: this library is no longer supported
npm timing reifyNode:node_modules/har-validator Completed in 6432ms
npm timing reifyNode:node_modules/colorette Completed in 6430ms
npm timing reifyNode:node_modules/get-stream Completed in 6430ms
npm timing reifyNode:node_modules/duplexer Completed in 6436ms
npm timing reifyNode:node_modules/delayed-stream Completed in 6432ms
npm timing reifyNode:node_modules/ps-tree Completed in 6436ms
npm timing reifyNode:node_modules/which Completed in 6444ms
npm timing reifyNode:node_modules/fstream/node_modules/mkdirp Completed in 6459ms
npm timing reifyNode:node_modules/update-notifier/node_modules/ci-info Completed in 6451ms
npm timing reifyNode:node_modules/tmp/node_modules/rimraf Completed in 6458ms
npm timing reifyNode:node_modules/eyes Completed in 6484ms
npm timing reifyNode:node_modules/core-util-is Completed in 6489ms
npm timing reifyNode:node_modules/cypress/node_modules/jsonfile Completed in 6463ms
npm timing reifyNode:node_modules/ansi-colors Completed in 6495ms
npm timing reifyNode:node_modules/yargs-parser Completed in 6537ms
npm timing reifyNode:node_modules/@sindresorhus/is Completed in 6538ms
npm timing reifyNode:node_modules/buffers Completed in 6536ms
npm timing reifyNode:node_modules/jsprim Completed in 6541ms
npm timing reifyNode:node_modules/glob Completed in 6550ms
npm timing reifyNode:node_modules/request/node_modules/jsprim Completed in 6554ms
npm timing reifyNode:node_modules/pump Completed in 6567ms
npm timing reifyNode:node_modules/cliui/node_modules/color-name Completed in 6602ms
npm timing reifyNode:node_modules/table/node_modules/color-name Completed in 6581ms
npm timing reifyNode:node_modules/typedarray-to-buffer Completed in 6610ms
npm timing reifyNode:node_modules/require-directory Completed in 6613ms
npm timing reifyNode:node_modules/json-buffer Completed in 6612ms
npm timing reifyNode:node_modules/crc32-stream Completed in 6619ms
npm timing reifyNode:node_modules/listenercount Completed in 6607ms
npm timing reifyNode:node_modules/pause-stream Completed in 6604ms
npm timing reifyNode:node_modules/stream-combiner Completed in 6606ms
npm timing reifyNode:node_modules/registry-auth-token Completed in 6616ms
npm timing reifyNode:node_modules/ci-info Completed in 6606ms
npm timing reifyNode:node_modules/is-running Completed in 6603ms
npm timing reifyNode:node_modules/buffer Completed in 6605ms
npm timing reifyNode:node_modules/color-convert Completed in 6605ms
npm timing reifyNode:node_modules/graceful-fs Completed in 6605ms
npm timing reifyNode:node_modules/cliui/node_modules/color-convert Completed in 6634ms
npm timing reifyNode:node_modules/table/node_modules/color-convert Completed in 6612ms
npm timing reifyNode:node_modules/concat-map Completed in 6628ms
npm timing reifyNode:node_modules/safer-buffer Completed in 6634ms
npm timing reifyNode:node_modules/aws4 Completed in 6625ms
npm timing reifyNode:node_modules/debug Completed in 6629ms
npm timing reifyNode:node_modules/chainsaw Completed in 6656ms
npm timing reifyNode:node_modules/jsbn Completed in 6655ms
npm timing reifyNode:node_modules/dashdash Completed in 6658ms
npm timing reifyNode:node_modules/verror Completed in 6658ms
npm timing reifyNode:node_modules/commander Completed in 6657ms
npm timing reifyNode:node_modules/isarray Completed in 6689ms
npm timing reifyNode:node_modules/chalk Completed in 6668ms
npm timing reifyNode:node_modules/from Completed in 6693ms
npm timing reifyNode:node_modules/isstream Completed in 6691ms
npm timing reifyNode:node_modules/proxy-from-env Completed in 6691ms
npm timing reifyNode:node_modules/lazy-ass Completed in 6695ms
npm timing reifyNode:node_modules/make-dir/node_modules/semver Completed in 6721ms
npm timing reifyNode:node_modules/eventemitter2 Completed in 6705ms
npm timing reifyNode:node_modules/check-more-types Completed in 6706ms
npm timing metavuln:cache:get:security-advisory:latest-version:z6j0CXbvn+78mmcZc8BHxFHXpgfWOlmaSTc+XRQnpUepIGZ2Np/ef08kOXycvWDyQDamtYoOCLGu27n7O9tJFA== Completed in 303ms
npm timing metavuln:load:security-advisory:latest-version:8HDJCPRRLgI9VicoAWqRM79RThRbVHwFdegolPf21pA2g1H0VpjGNzaf81FlfNZJuCfY+5Awrt7E56dv6e6WFQ== Completed in 0ms
npm timing metavuln:calculate:security-advisory:latest-version:8HDJCPRRLgI9VicoAWqRM79RThRbVHwFdegolPf21pA2g1H0VpjGNzaf81FlfNZJuCfY+5Awrt7E56dv6e6WFQ== Completed in 304ms
npm timing metavuln:packument:update-notifier Completed in 1ms
npm timing reifyNode:node_modules/semver-diff/node_modules/semver Completed in 6728ms
npm timing reifyNode:node_modules/package-json/node_modules/semver Completed in 6731ms
npm timing reifyNode:node_modules/buffer-indexof-polyfill Completed in 6727ms
npm timing reifyNode:node_modules/isexe Completed in 6735ms
npm timing reifyNode:node_modules/tar-stream Completed in 6718ms
npm timing reifyNode:node_modules/fd-slicer Completed in 6752ms
npm timing reifyNode:node_modules/ecc-jsbn Completed in 6739ms
npm timing reifyNode:node_modules/map-stream Completed in 6737ms
npm timing reifyNode:node_modules/emoji-regex Completed in 6741ms
npm timing reifyNode:node_modules/cliui/node_modules/emoji-regex Completed in 6766ms
npm timing reifyNode:node_modules/throttleit Completed in 6755ms
npm timing reifyNode:node_modules/table/node_modules/emoji-regex Completed in 6741ms
npm timing reifyNode:node_modules/yargs/node_modules/emoji-regex Completed in 6747ms
npm timing reifyNode:node_modules/mime-db Completed in 6764ms
npm timing reifyNode:node_modules/extsprintf Completed in 6782ms
npm timing reifyNode:node_modules/request-progress Completed in 6779ms
npm timing reifyNode:node_modules/json-stringify-safe Completed in 6797ms
npm timing reifyNode:node_modules/crc-32 Completed in 6834ms
npm timing reifyNode:node_modules/json-schema-traverse Completed in 6818ms
npm timing reifyNode:node_modules/http-signature Completed in 6814ms
npm timing reifyNode:node_modules/@cypress/xvfb/node_modules/debug Completed in 6820ms
npm timing reifyNode:node_modules/rfdc Completed in 6830ms
npm timing reifyNode:node_modules/extend Completed in 6827ms
npm timing reifyNode:node_modules/form-data Completed in 6830ms
npm timing reifyNode:node_modules/blob-util Completed in 6829ms
npm timing reifyNode:node_modules/big-integer Completed in 6854ms
npm timing reifyNode:node_modules/cross-spawn Completed in 6861ms
npm timing metavuln:cache:get:security-advisory:update-notifier:M7R+C6bLur4TcLU3NeH08DLX/4lTp2WeLtpG2FUF1CkQUgm6fG4TVCQhITn3NdPFADw3NqXpm05bqrhaGM6oBg== Completed in 152ms
npm timing metavuln:load:security-advisory:update-notifier:z6j0CXbvn+78mmcZc8BHxFHXpgfWOlmaSTc+XRQnpUepIGZ2Np/ef08kOXycvWDyQDamtYoOCLGu27n7O9tJFA== Completed in 1ms
npm timing metavuln:calculate:security-advisory:update-notifier:z6j0CXbvn+78mmcZc8BHxFHXpgfWOlmaSTc+XRQnpUepIGZ2Np/ef08kOXycvWDyQDamtYoOCLGu27n7O9tJFA== Completed in 153ms
npm timing reifyNode:node_modules/lazystream Completed in 6872ms
npm timing reifyNode:node_modules/asn1 Completed in 6898ms
npm timing reifyNode:node_modules/archiver Completed in 6887ms
npm timing reifyNode:node_modules/bl Completed in 6913ms
npm timing reifyNode:node_modules/agent-base Completed in 6903ms
npm timing reifyNode:node_modules/tough-cookie Completed in 6909ms
npm timing reifyNode:node_modules/fast-deep-equal Completed in 6920ms
npm timing reifyNode:node_modules/through Completed in 6918ms
npm timing reifyNode:node_modules/split Completed in 6931ms
npm timing reifyNode:node_modules/cli-table3 Completed in 6926ms
npm timing reifyNode:node_modules/https-proxy-agent Completed in 6935ms
npm timing reifyNode:node_modules/tslib Completed in 6949ms
npm timing reifyNode:node_modules/execa Completed in 6941ms
npm timing reifyNode:node_modules/winston/node_modules/async Completed in 6941ms
npm timing reifyNode:node_modules/mkdirp Completed in 6958ms
npm timing reifyNode:node_modules/rc Completed in 6990ms
npm timing metavuln:cache:get:security-advisory:browserstack-cypress-cli:oMSbUthI3OtaK4C54kktdEZdrmihGy3aan/AwMHwSraJSP9xjhcC3RR1zTUhHtFBDv4aXko4Kt2baPHzIxVLKA== Completed in 122ms
npm timing metavuln:load:security-advisory:browserstack-cypress-cli:M7R+C6bLur4TcLU3NeH08DLX/4lTp2WeLtpG2FUF1CkQUgm6fG4TVCQhITn3NdPFADw3NqXpm05bqrhaGM6oBg== Completed in 0ms
npm timing metavuln:calculate:security-advisory:browserstack-cypress-cli:M7R+C6bLur4TcLU3NeH08DLX/4lTp2WeLtpG2FUF1CkQUgm6fG4TVCQhITn3NdPFADw3NqXpm05bqrhaGM6oBg== Completed in 124ms
npm timing auditReport:init Completed in 6024ms
npm timing reify:audit Completed in 7048ms
npm timing reifyNode:node_modules/human-signals Completed in 6996ms
npm timing reifyNode:node_modules/request/node_modules/http-signature Completed in 6999ms
npm timing reifyNode:node_modules/tweetnacl Completed in 7088ms
npm timing reifyNode:node_modules/psl Completed in 7100ms
npm timing reifyNode:node_modules/requestretry Completed in 7097ms
npm timing reifyNode:node_modules/browserstack-local Completed in 7103ms
npm timing reifyNode:node_modules/compress-commons Completed in 7146ms
npm timing reifyNode:node_modules/performance-now Completed in 7172ms
npm timing reifyNode:node_modules/fast-json-stable-stringify Completed in 7207ms
npm timing reifyNode:node_modules/@cypress/request Completed in 7277ms
npm WARN deprecated uuid@3.4.0: Please upgrade  to version 7 or higher.  Older versions may use Math.random() in certain circumstances, which is known to be problematic.  See https://v8.dev/blog/math-random for details.
npm timing reifyNode:node_modules/request/node_modules/uuid Completed in 7340ms
npm timing reifyNode:node_modules/getmac Completed in 7341ms
npm timing reifyNode:node_modules/asynckit Completed in 7355ms
npm timing reifyNode:node_modules/got Completed in 7377ms
npm WARN deprecated request@2.88.2: request has been deprecated, see https://github.com/request/request/issues/3142
npm timing reifyNode:node_modules/request Completed in 7366ms
npm timing reifyNode:node_modules/unzipper Completed in 7373ms
npm timing reifyNode:node_modules/cli-progress Completed in 7378ms
npm timing reifyNode:node_modules/event-stream Completed in 7413ms
npm timing reifyNode:node_modules/minimist Completed in 7411ms
npm timing reifyNode:node_modules/har-schema Completed in 7429ms
npm timing reifyNode:node_modules/qs Completed in 7438ms
npm timing reifyNode:node_modules/traverse Completed in 7456ms
npm timing reifyNode:node_modules/@colors/colors Completed in 7453ms
npm timing reifyNode:node_modules/fstream Completed in 7480ms
npm timing reifyNode:node_modules/colors Completed in 7526ms
npm timing reifyNode:node_modules/lazystream/node_modules/readable-stream Completed in 7520ms
npm timing reifyNode:node_modules/unzipper/node_modules/readable-stream Completed in 7520ms
npm timing reifyNode:node_modules/duplexer2/node_modules/readable-stream Completed in 7540ms
npm timing reifyNode:node_modules/archiver-utils/node_modules/readable-stream Completed in 7525ms
npm timing reifyNode:node_modules/readable-stream Completed in 7539ms
npm timing reifyNode:node_modules/winston Completed in 7672ms
npm timing reifyNode:node_modules/sshpk Completed in 7738ms
npm timing reifyNode:node_modules/cypress/node_modules/fs-extra Completed in 7736ms
npm timing reifyNode:node_modules/binary Completed in 7758ms
npm timing reifyNode:node_modules/fs-extra Completed in 7760ms
npm timing reifyNode:node_modules/boxen/node_modules/type-fest Completed in 7794ms
npm timing reifyNode:node_modules/getos Completed in 7789ms
npm timing reifyNode:node_modules/browserstack-cypress-cli Completed in 7783ms
npm timing reifyNode:node_modules/yargs Completed in 7789ms
npm timing reifyNode:node_modules/type-fest Completed in 7822ms
npm timing reifyNode:node_modules/enquirer Completed in 7840ms
npm timing reifyNode:node_modules/semver Completed in 7848ms
npm timing reifyNode:node_modules/unzipper/node_modules/bluebird Completed in 7872ms
npm timing reifyNode:node_modules/uri-js Completed in 7886ms
npm timing reifyNode:node_modules/bluebird Completed in 7877ms
npm timing reifyNode:node_modules/@types/node Completed in 7901ms
npm timing reifyNode:node_modules/uuid Completed in 7960ms
npm timing reifyNode:node_modules/listr2 Completed in 7978ms
npm timing reifyNode:node_modules/when Completed in 8039ms
npm timing reifyNode:node_modules/table Completed in 8038ms
npm timing reifyNode:node_modules/getmac/node_modules/@types/node Completed in 8041ms
npm timing reifyNode:node_modules/ajv Completed in 8165ms
npm timing reifyNode:node_modules/common-tags Completed in 8252ms
npm timing reifyNode:node_modules/async Completed in 8310ms
npm timing reifyNode:node_modules/dayjs Completed in 9165ms
npm timing reifyNode:node_modules/cypress Completed in 9808ms
npm timing reifyNode:node_modules/lodash Completed in 10549ms
npm timing reifyNode:node_modules/faker Completed in 14121ms
npm timing reifyNode:node_modules/rxjs Completed in 15124ms
npm timing reify:unpack Completed in 15147ms
npm timing reify:unretire Completed in 1ms
npm timing build:queue Completed in 45ms
npm timing build:link:node_modules/browserstack-cypress-cli Completed in 135ms
npm timing build:link:node_modules/make-dir/node_modules/semver Completed in 122ms
npm timing build:link:node_modules/package-json/node_modules/semver Completed in 122ms
npm timing build:link:node_modules/update-notifier/node_modules/is-ci Completed in 121ms
npm timing build:link:node_modules/tmp/node_modules/rimraf Completed in 121ms
npm timing build:link:node_modules/request/node_modules/uuid Completed in 122ms
npm timing build:link:node_modules/cypress Completed in 134ms
npm timing build:link:node_modules/semver-diff/node_modules/semver Completed in 123ms
npm timing build:link:node_modules/is-ci Completed in 132ms
npm timing build:link:node_modules/ps-tree Completed in 132ms
npm timing build:link:node_modules/extract-zip Completed in 134ms
npm timing build:link:node_modules/rc Completed in 131ms
npm timing build:link:node_modules/mkdirp Completed in 133ms
npm timing build:link:node_modules/rimraf Completed in 131ms
npm timing build:link:node_modules/crc-32 Completed in 136ms
npm timing build:link:node_modules/semver Completed in 131ms
npm timing build:link:node_modules/fstream/node_modules/mkdirp Completed in 128ms
npm timing build:link:node_modules/sshpk Completed in 131ms
npm timing build:link:node_modules/uuid Completed in 129ms
npm timing build:link:node_modules/which Completed in 129ms
npm timing build:link Completed in 142ms
npm info run cypress@9.7.0 postinstall node_modules/cypress node index.js --exec install
npm info run cypress@9.7.0 postinstall { code: 0, signal: null }
npm timing build:run:postinstall:node_modules/cypress Completed in 2840ms
npm timing build:run:postinstall Completed in 2843ms
npm timing build:deps Completed in 3032ms
npm timing build Completed in 3034ms
npm timing reify:build Completed in 3037ms
npm timing reify:trash Completed in 0ms
npm timing reify:save Completed in 390ms
npm timing reify Completed in 46042ms

added 355 packages, and audited 356 packages in 47s

37 packages are looking for funding
  run `npm fund` for details

6 vulnerabilities (4 moderate, 2 high)

To address all issues (including breaking changes), run:
  npm audit fix --force

Run `npm audit` for details.
npm timing command:install Completed in 46106ms
npm verb exit 0
npm timing npm Completed in 46525ms
npm info ok 
